\BOOKMARK [1][-]{section.1}{\376\377\000I\000n\000t\000r\000o\000d\000u\000c\000t\000i\000o\000n}{}% 1
\BOOKMARK [1][-]{section.2}{\376\377\000S\000o\000r\000t\000i\000n\000g\000\040\000A\000l\000g\000o\000r\000i\000t\000h\000m\000s}{}% 2
\BOOKMARK [2][-]{subsection.2.1}{\376\377\000B\000u\000b\000b\000l\000e\000\040\000S\000o\000r\000t}{section.2}% 3
\BOOKMARK [3][-]{subsubsection.2.1.1}{\376\377\000A\000l\000g\000o\000r\000i\000t\000h\000m}{subsection.2.1}% 4
\BOOKMARK [3][-]{subsubsection.2.1.2}{\376\377\000C\000o\000m\000p\000l\000e\000x\000i\000t\000y}{subsection.2.1}% 5
\BOOKMARK [3][-]{subsubsection.2.1.3}{\376\377\000E\000x\000p\000e\000r\000i\000m\000e\000n\000t\000a\000l\000\040\000S\000t\000u\000d\000y}{subsection.2.1}% 6
\BOOKMARK [3][-]{subsubsection.2.1.4}{\376\377\000R\000e\000s\000u\000l\000t\000s}{subsection.2.1}% 7
\BOOKMARK [2][-]{subsection.2.2}{\376\377\000G\000n\000o\000m\000e\000\040\000S\000o\000r\000t}{section.2}% 8
\BOOKMARK [3][-]{subsubsection.2.2.1}{\376\377\000A\000l\000g\000o\000r\000i\000t\000h\000m}{subsection.2.2}% 9
\BOOKMARK [3][-]{subsubsection.2.2.2}{\376\377\000C\000o\000m\000p\000l\000e\000x\000i\000t\000y}{subsection.2.2}% 10
\BOOKMARK [3][-]{subsubsection.2.2.3}{\376\377\000E\000x\000p\000e\000r\000i\000m\000e\000n\000t\000a\000l\000\040\000S\000t\000u\000d\000y}{subsection.2.2}% 11
\BOOKMARK [3][-]{subsubsection.2.2.4}{\376\377\000R\000e\000s\000u\000l\000t\000s}{subsection.2.2}% 12
\BOOKMARK [2][-]{subsection.2.3}{\376\377\000R\000a\000d\000i\000x\000\040\000S\000o\000r\000t}{section.2}% 13
\BOOKMARK [3][-]{subsubsection.2.3.1}{\376\377\000A\000l\000g\000o\000r\000i\000t\000h\000m}{subsection.2.3}% 14
\BOOKMARK [3][-]{subsubsection.2.3.2}{\376\377\000C\000o\000m\000p\000l\000e\000x\000i\000t\000y}{subsection.2.3}% 15
\BOOKMARK [3][-]{subsubsection.2.3.3}{\376\377\000E\000x\000p\000e\000r\000i\000m\000e\000n\000t\000a\000l\000\040\000S\000t\000u\000d\000y}{subsection.2.3}% 16
\BOOKMARK [3][-]{subsubsection.2.3.4}{\376\377\000R\000e\000s\000u\000l\000t\000s}{subsection.2.3}% 17
\BOOKMARK [2][-]{subsection.2.4}{\376\377\000Q\000u\000i\000c\000k\000\040\000S\000o\000r\000t}{section.2}% 18
\BOOKMARK [3][-]{subsubsection.2.4.1}{\376\377\000A\000l\000g\000o\000r\000i\000t\000h\000m}{subsection.2.4}% 19
\BOOKMARK [3][-]{subsubsection.2.4.2}{\376\377\000C\000o\000m\000p\000l\000e\000x\000i\000t\000y}{subsection.2.4}% 20
\BOOKMARK [3][-]{subsubsection.2.4.3}{\376\377\000E\000x\000p\000e\000r\000i\000m\000e\000n\000t\000a\000l\000\040\000S\000t\000u\000d\000y}{subsection.2.4}% 21
\BOOKMARK [3][-]{subsubsection.2.4.4}{\376\377\000R\000e\000s\000u\000l\000t\000s}{subsection.2.4}% 22
\BOOKMARK [2][-]{subsection.2.5}{\376\377\000H\000e\000a\000p\000\040\000S\000o\000r\000t}{section.2}% 23
\BOOKMARK [3][-]{subsubsection.2.5.1}{\376\377\000A\000l\000g\000o\000r\000i\000t\000h\000m}{subsection.2.5}% 24
\BOOKMARK [3][-]{subsubsection.2.5.2}{\376\377\000C\000o\000m\000p\000l\000e\000x\000i\000t\000y}{subsection.2.5}% 25
\BOOKMARK [3][-]{subsubsection.2.5.3}{\376\377\000E\000x\000p\000e\000r\000i\000m\000e\000n\000t\000a\000l\000\040\000S\000t\000u\000d\000y}{subsection.2.5}% 26
\BOOKMARK [3][-]{subsubsection.2.5.4}{\376\377\000R\000e\000s\000u\000l\000t\000s}{subsection.2.5}% 27
\BOOKMARK [1][-]{section.3}{\376\377\000C\000o\000n\000c\000l\000u\000s\000i\000o\000n}{}% 28
